<?xml version="1.0" encoding="UTF-8" ?>
<testsuite errors="0" failures="0" hostname="csce-740-09" name="platformer.PlatformerTest" tests="4" time="0.722" timestamp="2012-02-15T18:16:33">
  <properties>
[...]
</properties>
  <testcase classname="platformer.PlatformerTest" name="playerWin" time="0.355" />
  <testcase classname="platformer.PlatformerTest" name="playerPop" time="0.006" />
  <testcase classname="platformer.PlatformerTest" name="playerExists" time="0.077" />
  <testcase classname="platformer.PlatformerTest" name="playerMove" time="0.153" />
  <system-out><![CDATA[In initCanvas()
Done with constructor
In checkWin()
In doFrame()
In checkWin()
In doFrame()
In checkWin()
In doFrame()
In checkWin()
In doFrame()
In checkWin()
In doFrame()
In checkWin()
In doFrame()
In checkWin()
In doFrame()
In checkWin()
In doFrame()
In checkWin()
In doFrame()
In checkWin()
In doFrame()
In checkWin()
In doFrame()
In checkWin()
In doFrame()
In checkWin()
In doFrame()
In checkWin()
In doFrame()
In checkWin()
In doFrame()
In checkWin()
In doFrame()
In checkWin()
In doFrame()
In checkWin()
In doFrame()
In checkWin()
In doFrame()
In checkWin()
In doFrame()
In checkWin()
In doFrame()
In checkWin()
In doFrame()
In checkWin()
In doFrame()
In checkWin()
In doFrame()
In checkWin()
In doFrame()
In checkWin()
In doFrame()
In checkWin()
In doFrame()
In checkWin()
In doFrame()
In checkWin()
In doFrame()
In checkWin()
In doFrame()
In checkWin()
In doFrame()
In checkWin()
In doFrame()
In checkWin()
In doFrame()
In checkWin()
In doFrame()
In checkWin()
In doFrame()
In checkWin()
In doFrame()
In checkWin()
In doFrame()
In checkWin()
In doFrame()
In checkWin()
In doFrame()
In checkWin()
In doFrame()
In checkWin()
In doFrame()
In checkWin()
In doFrame()
In checkWin()
In doFrame()
In checkWin()
In doFrame()
In checkWin()
In doFrame()
In checkWin()
In doFrame()
In checkWin()
In doFrame()
In checkWin()
In doFrame()
In checkWin()
In doFrame()
In checkWin()
In doFrame()
In checkWin()
In doFrame()
In checkWin()
In doFrame()
In checkWin()
In doFrame()
In checkWin()
In doFrame()
In checkWin()
In doFrame()
In checkWin()
In doFrame()
In checkWin()
In doFrame()
In checkWin()
In doFrame()
In checkWin()
In doFrame()
In checkWin()
In doFrame()
In checkWin()
In doFrame()
In checkWin()
In doFrame()
In checkWin()
In doFrame()
In checkWin()
In doFrame()
In checkWin()
In doFrame()
In checkWin()
In doFrame()
In checkWin()
In doFrame()
In checkWin()
In doFrame()
In checkWin()
In doFrame()
In checkWin()
In doFrame()
In checkWin()
In doFrame()
In initCanvas()
Done with constructor
In initGame()
In checkWin()
In doFrame()
In initCanvas()
Done with constructor
In initCanvas()
In checkWin()
In doFrame()
In checkWin()
In doFrame()
In checkWin()
In doFrame()
In checkWin()
In doFrame()
In checkWin()
In doFrame()
Done with constructor
]]></system-out>
  <system-err><![CDATA[]]></system-err>
</testsuite>
